<?xml version="1.0" encoding="utf-8"?><testsuites name="pytest tests"><testsuite name="pytest" errors="0" failures="2" skipped="0" tests="10" time="3.278" timestamp="2026-06-13T14:47:07.235816+00:00" hostname="agent-env-f1f21faa-0255-4955-8a9b-b0b226020876"><testcase classname="backend.tests.test_permissions_and_potential.TestAuthMe" name="test_admin_me_returns_permissions_and_is_admin" time="0.853" /><testcase classname="backend.tests.test_permissions_and_potential.TestUsersList" name="test_users_list_has_permissions_and_is_admin" time="0.240" /><testcase classname="backend.tests.test_permissions_and_potential.TestUsersList" name="test_admin_users_have_all_permissions_true" time="0.000" /><testcase classname="backend.tests.test_permissions_and_potential.TestPermissionsToggle" name="test_patch_permissions_toggle_on_then_off" time="0.456" /><testcase classname="backend.tests.test_permissions_and_potential.TestRoleUpdate" name="test_patch_role_via_query_param" time="0.531" /><testcase classname="backend.tests.test_permissions_and_potential.TestRoleUpdate" name="test_patch_role_via_body" time="0.516" /><testcase classname="backend.tests.test_permissions_and_potential.TestDeletePermissionGate" name="test_admin_delete_customer_allowed_or_404" time="0.274" /><testcase classname="backend.tests.test_permissions_and_potential.TestDeletePermissionGate" name="test_delete_customer_without_auth_returns_401_or_403" time="0.094" /><testcase classname="backend.tests.test_permissions_and_potential.TestPotentialValueFilter" name="test_filter_greater_than_100" time="0.116"><failure message="AssertionError: create saved filter failed: 422 {&quot;detail&quot;:[{&quot;type&quot;:&quot;string_type&quot;,&quot;loc&quot;:[&quot;body&quot;,&quot;conditions&quot;,0,&quot;value&quot;],&quot;msg&quot;:&quot;Input should be a valid string&quot;,&quot;input&quot;:100,&quot;url&quot;:&quot;https://errors.pydantic.dev/2.13/v/string_type&quot;}]}&#10;assert 422 in (200, 201)&#10; +  where 422 = &lt;Response [422]&gt;.status_code">backend/tests/test_permissions_and_potential.py:216: in test_filter_greater_than_100
    fid = saved_filter_factory("greater_than", 100)
          ^^^^^^^^^^^^^^^^^^^^^^^^^^^^^^^^^^^^^^^^^
backend/tests/test_permissions_and_potential.py:200: in _create
    assert r.status_code in (200, 201), f"create saved filter failed: {r.status_code} {r.text[:300]}"
E   AssertionError: create saved filter failed: 422 {"detail":[{"type":"string_type","loc":["body","conditions",0,"value"],"msg":"Input should be a valid string","input":100,"url":"https://errors.pydantic.dev/2.13/v/string_type"}]}
E   assert 422 in (200, 201)
E    +  where 422 = &lt;Response [422]&gt;.status_code</failure></testcase><testcase classname="backend.tests.test_permissions_and_potential.TestPotentialValueFilter" name="test_filter_less_than_100" time="0.091"><failure message="AssertionError: create saved filter failed: 422 {&quot;detail&quot;:[{&quot;type&quot;:&quot;string_type&quot;,&quot;loc&quot;:[&quot;body&quot;,&quot;conditions&quot;,0,&quot;value&quot;],&quot;msg&quot;:&quot;Input should be a valid string&quot;,&quot;input&quot;:100,&quot;url&quot;:&quot;https://errors.pydantic.dev/2.13/v/string_type&quot;}]}&#10;assert 422 in (200, 201)&#10; +  where 422 = &lt;Response [422]&gt;.status_code">backend/tests/test_permissions_and_potential.py:233: in test_filter_less_than_100
    fid = saved_filter_factory("less_than", 100)
          ^^^^^^^^^^^^^^^^^^^^^^^^^^^^^^^^^^^^^^
backend/tests/test_permissions_and_potential.py:200: in _create
    assert r.status_code in (200, 201), f"create saved filter failed: {r.status_code} {r.text[:300]}"
E   AssertionError: create saved filter failed: 422 {"detail":[{"type":"string_type","loc":["body","conditions",0,"value"],"msg":"Input should be a valid string","input":100,"url":"https://errors.pydantic.dev/2.13/v/string_type"}]}
E   assert 422 in (200, 201)
E    +  where 422 = &lt;Response [422]&gt;.status_code</failure></testcase></testsuite></testsuites>