<?xml version="1.0" encoding="utf-8"?><testsuites name="pytest tests"><testsuite name="pytest" errors="0" failures="0" skipped="0" tests="27" time="3.172" timestamp="2026-01-03T16:57:53.862758+00:00" hostname="agent-env-f599d063-514f-4cd5-8aac-a5a32e1176c9"><testcase classname="tests.test_kanban_api.TestKanbanGroupFields" name="test_get_group_fields_returns_list" time="0.081" /><testcase classname="tests.test_kanban_api.TestKanbanGroupFields" name="test_group_fields_contains_expected_values" time="0.046" /><testcase classname="tests.test_kanban_api.TestKanbanViews" name="test_get_views_returns_list" time="0.041" /><testcase classname="tests.test_kanban_api.TestKanbanViews" name="test_create_view_success" time="0.081" /><testcase classname="tests.test_kanban_api.TestKanbanViews" name="test_create_view_with_different_group_by" time="0.470" /><testcase classname="tests.test_kanban_api.TestKanbanViews" name="test_update_view_success" time="0.111" /><testcase classname="tests.test_kanban_api.TestKanbanViews" name="test_update_nonexistent_view_returns_404" time="0.038" /><testcase classname="tests.test_kanban_api.TestKanbanViews" name="test_delete_view_success" time="0.156" /><testcase classname="tests.test_kanban_api.TestKanbanViews" name="test_delete_nonexistent_view_returns_404" time="0.036" /><testcase classname="tests.test_kanban_api.TestKanbanCustomers" name="test_get_customers_by_status" time="0.039" /><testcase classname="tests.test_kanban_api.TestKanbanCustomers" name="test_get_customers_by_assigned_to" time="0.037" /><testcase classname="tests.test_kanban_api.TestKanbanCustomers" name="test_get_customers_by_potential_level" time="0.039" /><testcase classname="tests.test_kanban_api.TestKanbanCustomers" name="test_get_customers_by_city" time="0.044" /><testcase classname="tests.test_kanban_api.TestKanbanCustomers" name="test_get_customers_by_market" time="0.039" /><testcase classname="tests.test_kanban_api.TestKanbanCustomers" name="test_get_customers_by_application" time="0.040" /><testcase classname="tests.test_kanban_api.TestKanbanCustomers" name="test_customers_have_required_fields" time="0.037" /><testcase classname="tests.test_kanban_api.TestKanbanColumns" name="test_get_columns_by_status" time="0.036" /><testcase classname="tests.test_kanban_api.TestKanbanColumns" name="test_get_columns_by_potential_level" time="0.080" /><testcase classname="tests.test_kanban_api.TestKanbanFieldUpdate" name="test_update_assigned_to_field" time="0.235" /><testcase classname="tests.test_kanban_api.TestKanbanFieldUpdate" name="test_update_potential_level_field" time="0.179" /><testcase classname="tests.test_kanban_api.TestKanbanFieldUpdate" name="test_update_city_field" time="0.149" /><testcase classname="tests.test_kanban_api.TestKanbanFieldUpdate" name="test_update_invalid_field_returns_400" time="0.152" /><testcase classname="tests.test_kanban_api.TestKanbanFieldUpdate" name="test_update_nonexistent_customer_returns_404" time="0.077" /><testcase classname="tests.test_kanban_api.TestKanbanStatusUpdate" name="test_update_status_success" time="0.194" /><testcase classname="tests.test_kanban_api.TestKanbanStatusUpdate" name="test_update_to_all_valid_statuses" time="0.333" /><testcase classname="tests.test_kanban_api.TestKanbanStatusUpdate" name="test_update_invalid_status_returns_400" time="0.107" /><testcase classname="tests.test_kanban_api.TestKanbanStatusUpdate" name="test_update_nonexistent_customer_returns_404" time="0.075" /></testsuite></testsuites>