<?xml version="1.0" encoding="utf-8"?><testsuites name="pytest tests"><testsuite name="pytest" errors="0" failures="0" skipped="0" tests="21" time="21.019" timestamp="2026-02-26T19:03:57.248756+00:00" hostname="agent-env-b6e0766d-0a33-48f1-9374-96abe62ca125"><testcase classname="backend.tests.test_performance_optimization.TestFilterOptionsEndpoint" name="test_filter_options_returns_unique_values" time="1.289" /><testcase classname="backend.tests.test_performance_optimization.TestFilterOptionsEndpoint" name="test_filter_options_response_size" time="0.116" /><testcase classname="backend.tests.test_performance_optimization.TestFilterOptionsEndpoint" name="test_filter_options_caching" time="0.895" /><testcase classname="backend.tests.test_performance_optimization.TestFilterOptionsEndpoint" name="test_filter_options_values_sorted" time="0.120" /><testcase classname="backend.tests.test_performance_optimization.TestLatestCallsEndpoint" name="test_latest_calls_returns_dict" time="0.280" /><testcase classname="backend.tests.test_performance_optimization.TestLatestCallsEndpoint" name="test_latest_calls_response_size" time="0.384" /><testcase classname="backend.tests.test_performance_optimization.TestLatestCallsEndpoint" name="test_latest_calls_outcome_values" time="0.409" /><testcase classname="backend.tests.test_performance_optimization.TestStatsEndpoint" name="test_stats_returns_all_fields" time="0.766" /><testcase classname="backend.tests.test_performance_optimization.TestStatsEndpoint" name="test_stats_distributions_format" time="0.150" /><testcase classname="backend.tests.test_performance_optimization.TestStatsEndpoint" name="test_stats_caching" time="0.781" /><testcase classname="backend.tests.test_performance_optimization.TestPaginatedCustomers" name="test_customers_pagination_default" time="0.840" /><testcase classname="backend.tests.test_performance_optimization.TestPaginatedCustomers" name="test_customers_pagination_custom_limit" time="0.678" /><testcase classname="backend.tests.test_performance_optimization.TestPaginatedCustomers" name="test_customers_pagination_page_navigation" time="1.501" /><testcase classname="backend.tests.test_performance_optimization.TestPaginatedCustomers" name="test_customers_search_filter" time="0.817" /><testcase classname="backend.tests.test_performance_optimization.TestPaginatedCustomers" name="test_customers_status_filter" time="0.813" /><testcase classname="backend.tests.test_performance_optimization.TestKanbanEndpoint" name="test_kanban_customers_returns_grouped_data" time="1.285" /><testcase classname="backend.tests.test_performance_optimization.TestKanbanEndpoint" name="test_kanban_customers_limited_fields" time="1.394" /><testcase classname="backend.tests.test_performance_optimization.TestKanbanEndpoint" name="test_kanban_response_size" time="1.490" /><testcase classname="backend.tests.test_performance_optimization.TestCacheInvalidation" name="test_create_customer_invalidates_cache" time="1.393" /><testcase classname="backend.tests.test_performance_optimization.TestCacheInvalidation" name="test_update_customer_invalidates_cache" time="3.266" /><testcase classname="backend.tests.test_performance_optimization.TestCacheInvalidation" name="test_delete_customer_invalidates_cache" time="2.265" /></testsuite></testsuites>