<?xml version="1.0" encoding="utf-8"?><testsuites name="pytest tests"><testsuite name="pytest" errors="0" failures="0" skipped="0" tests="19" time="1.519" timestamp="2026-01-03T14:59:36.714287+00:00" hostname="agent-env-c9239cb7-032d-4d2a-addf-4ec6657b5b9d"><testcase classname="tests.test_crm_api.TestAPIHealth" name="test_api_root" time="0.077" /><testcase classname="tests.test_crm_api.TestOptionsAPI" name="test_get_options_grouped" time="0.041" /><testcase classname="tests.test_crm_api.TestOptionsAPI" name="test_create_option" time="0.044" /><testcase classname="tests.test_crm_api.TestCustomersAPI" name="test_get_customers" time="0.041" /><testcase classname="tests.test_crm_api.TestCustomersAPI" name="test_create_customer" time="0.047" /><testcase classname="tests.test_crm_api.TestCustomersAPI" name="test_get_customer_by_id" time="0.078" /><testcase classname="tests.test_crm_api.TestCustomersAPI" name="test_update_customer" time="0.114" /><testcase classname="tests.test_crm_api.TestCustomersAPI" name="test_customer_search" time="0.041" /><testcase classname="tests.test_crm_api.TestCustomersAPI" name="test_customer_filter_by_market" time="0.041" /><testcase classname="tests.test_crm_api.TestCallsAPI" name="test_get_calls" time="0.039" /><testcase classname="tests.test_crm_api.TestCallsAPI" name="test_create_call" time="0.093" /><testcase classname="tests.test_crm_api.TestCallsAPI" name="test_get_calls_by_customer" time="0.113" /><testcase classname="tests.test_crm_api.TestCallsAPI" name="test_get_call_by_id" time="0.110" /><testcase classname="tests.test_crm_api.TestCallsAPI" name="test_update_call" time="0.153" /><testcase classname="tests.test_crm_api.TestVisitsAPI" name="test_get_visits" time="0.037" /><testcase classname="tests.test_crm_api.TestVisitsAPI" name="test_create_visit" time="0.123" /><testcase classname="tests.test_crm_api.TestStatsAPI" name="test_get_stats" time="0.051" /><testcase classname="tests.test_crm_api.TestKanbanAPI" name="test_get_kanban_statuses" time="0.036" /><testcase classname="tests.test_crm_api.TestKanbanAPI" name="test_get_kanban_customers" time="0.037" /></testsuite></testsuites>