<?xml version="1.0" encoding="utf-8"?><testsuites name="pytest tests"><testsuite name="pytest" errors="0" failures="0" skipped="0" tests="16" time="34.404" timestamp="2026-02-14T13:50:14.393433+00:00" hostname="agent-env-b6e0766d-0a33-48f1-9374-96abe62ca125"><testcase classname="backend.tests.test_bulk_import.TestBulkImportEndpoints" name="test_01_login_success" time="1.079" /><testcase classname="backend.tests.test_bulk_import.TestBulkImportEndpoints" name="test_02_bulk_options_create" time="1.141" /><testcase classname="backend.tests.test_bulk_import.TestBulkImportEndpoints" name="test_03_bulk_options_deduplication" time="1.364" /><testcase classname="backend.tests.test_bulk_import.TestBulkImportEndpoints" name="test_04_bulk_options_empty" time="0.772" /><testcase classname="backend.tests.test_bulk_import.TestBulkImportEndpoints" name="test_05_import_preview_new_customers" time="1.733" /><testcase classname="backend.tests.test_bulk_import.TestBulkImportEndpoints" name="test_06_import_preview_empty" time="0.781" /><testcase classname="backend.tests.test_bulk_import.TestBulkImportEndpoints" name="test_07_bulk_customers_import_new" time="3.175" /><testcase classname="backend.tests.test_bulk_import.TestBulkImportEndpoints" name="test_08_bulk_customers_import_empty" time="0.775" /><testcase classname="backend.tests.test_bulk_import.TestBulkImportEndpoints" name="test_09_bulk_customers_import_with_merge" time="2.517" /><testcase classname="backend.tests.test_bulk_import.TestBulkImportEndpoints" name="test_10_customers_pagination" time="1.503" /><testcase classname="backend.tests.test_bulk_import.TestBulkImportEndpoints" name="test_11_customers_search" time="1.498" /><testcase classname="backend.tests.test_bulk_import.TestBulkImportEndpoints" name="test_12_bulk_import_larger_batch" time="12.465" /><testcase classname="backend.tests.test_bulk_import.TestBulkImportEdgeCases" name="test_bulk_options_invalid_field" time="0.928" /><testcase classname="backend.tests.test_bulk_import.TestBulkImportEdgeCases" name="test_bulk_options_empty_value" time="0.913" /><testcase classname="backend.tests.test_bulk_import.TestBulkImportEdgeCases" name="test_import_preview_malformed_data" time="1.647" /><testcase classname="backend.tests.test_bulk_import.TestBulkImportEdgeCases" name="test_bulk_customers_with_all_fields" time="2.030" /></testsuite></testsuites>