<?xml version="1.0" encoding="utf-8"?><testsuites name="pytest tests"><testsuite name="pytest" errors="0" failures="0" skipped="0" tests="10" time="12.606" timestamp="2026-02-26T18:37:39.432120+00:00" hostname="agent-env-b6e0766d-0a33-48f1-9374-96abe62ca125"><testcase classname="backend.tests.test_kanban_status_sync.TestKanbanStatusEndpoints" name="test_get_kanban_statuses_returns_6_fixed_options" time="0.219" /><testcase classname="backend.tests.test_kanban_status_sync.TestKanbanStatusEndpoints" name="test_kanban_status_colors_match_expected" time="0.058" /><testcase classname="backend.tests.test_kanban_status_sync.TestKanbanStatusEndpoints" name="test_get_kanban_columns_returns_status_columns" time="0.068" /><testcase classname="backend.tests.test_kanban_status_sync.TestKanbanStatusEndpoints" name="test_get_kanban_customers_groups_by_status" time="0.895" /><testcase classname="backend.tests.test_kanban_status_sync.TestStatusValidation" name="test_patch_kanban_status_validates_against_6_options" time="3.172" /><testcase classname="backend.tests.test_kanban_status_sync.TestStatusValidation" name="test_put_customer_normalizes_status" time="5.387" /><testcase classname="backend.tests.test_kanban_status_sync.TestStatusValidation" name="test_new_customer_defaults_to_beklemede" time="0.976" /><testcase classname="backend.tests.test_kanban_status_sync.TestCustomerStatusFiltering" name="test_customers_filter_by_status" time="1.631" /><testcase classname="backend.tests.test_kanban_status_sync.TestGroupFields" name="test_get_group_fields_includes_status" time="0.068" /><testcase classname="backend.tests.test_kanban_status_sync.TestRootEndpoint" name="test_api_root" time="0.067" /></testsuite></testsuites>