<?xml version="1.0" encoding="utf-8"?><testsuites name="pytest tests"><testsuite name="pytest" errors="0" failures="0" skipped="0" tests="31" time="13.045" timestamp="2026-01-03T17:51:28.799133+00:00" hostname="agent-env-f599d063-514f-4cd5-8aac-a5a32e1176c9"><testcase classname="tests.test_supabase_migration.TestAPIHealth" name="test_api_root" time="0.072" /><testcase classname="tests.test_supabase_migration.TestCustomersCRUD" name="test_get_customers_list" time="0.291" /><testcase classname="tests.test_supabase_migration.TestCustomersCRUD" name="test_create_customer" time="0.255" /><testcase classname="tests.test_supabase_migration.TestCustomersCRUD" name="test_create_and_get_customer" time="0.421" /><testcase classname="tests.test_supabase_migration.TestCustomersCRUD" name="test_update_customer" time="1.025" /><testcase classname="tests.test_supabase_migration.TestCustomersCRUD" name="test_customer_search" time="0.506" /><testcase classname="tests.test_supabase_migration.TestKanbanFeatures" name="test_kanban_customers_by_status" time="0.229" /><testcase classname="tests.test_supabase_migration.TestKanbanFeatures" name="test_kanban_customers_by_potential" time="0.207" /><testcase classname="tests.test_supabase_migration.TestKanbanFeatures" name="test_kanban_views_list" time="0.220" /><testcase classname="tests.test_supabase_migration.TestKanbanFeatures" name="test_kanban_view_crud" time="0.817" /><testcase classname="tests.test_supabase_migration.TestKanbanFeatures" name="test_kanban_group_fields" time="0.038" /><testcase classname="tests.test_supabase_migration.TestVisitsCRUD" name="test_get_visits_list" time="0.209" /><testcase classname="tests.test_supabase_migration.TestVisitsCRUD" name="test_create_visit" time="0.683" /><testcase classname="tests.test_supabase_migration.TestVisitsCRUD" name="test_get_customer_visits" time="0.656" /><testcase classname="tests.test_supabase_migration.TestCallsCRUD" name="test_get_calls_list" time="0.209" /><testcase classname="tests.test_supabase_migration.TestCallsCRUD" name="test_create_call" time="0.721" /><testcase classname="tests.test_supabase_migration.TestCallsCRUD" name="test_get_customer_calls" time="0.654" /><testcase classname="tests.test_supabase_migration.TestFiltersCRUD" name="test_get_filters_list" time="0.202" /><testcase classname="tests.test_supabase_migration.TestFiltersCRUD" name="test_create_filter" time="0.425" /><testcase classname="tests.test_supabase_migration.TestFiltersCRUD" name="test_apply_filter" time="0.816" /><testcase classname="tests.test_supabase_migration.TestDashboardStats" name="test_get_stats" time="0.377" /><testcase classname="tests.test_supabase_migration.TestAuthEndpoints" name="test_register_user" time="0.621" /><testcase classname="tests.test_supabase_migration.TestAuthEndpoints" name="test_login_user" time="1.096" /><testcase classname="tests.test_supabase_migration.TestAuthEndpoints" name="test_login_invalid_credentials" time="0.204" /><testcase classname="tests.test_supabase_migration.TestAuthEndpoints" name="test_auth_me_without_session" time="0.042" /><testcase classname="tests.test_supabase_migration.TestOptionsEndpoints" name="test_get_all_options" time="0.214" /><testcase classname="tests.test_supabase_migration.TestOptionsEndpoints" name="test_get_options_by_field" time="0.210" /><testcase classname="tests.test_supabase_migration.TestOptionsEndpoints" name="test_create_option" time="0.376" /><testcase classname="tests.test_supabase_migration.TestCalendarEvents" name="test_get_calendar_events" time="0.373" /><testcase classname="tests.test_supabase_migration.TestNotifications" name="test_get_notifications" time="0.384" /><testcase classname="tests.test_supabase_migration.TestFollowups" name="test_get_followups" time="0.380" /></testsuite></testsuites>