<?xml version="1.0" encoding="utf-8"?><testsuites name="pytest tests"><testsuite name="pytest" errors="0" failures="0" skipped="1" tests="15" time="1.605" timestamp="2026-01-03T15:44:35.781196+00:00" hostname="agent-env-c9239cb7-032d-4d2a-addf-4ec6657b5b9d"><testcase classname="tests.test_p2_features.TestFileUpload" name="test_upload_file_without_customer" time="0.095" /><testcase classname="tests.test_p2_features.TestFileUpload" name="test_upload_file_with_customer" time="0.157" /><testcase classname="tests.test_p2_features.TestFileUpload" name="test_upload_empty_filename_fails" time="0.039" /><testcase classname="tests.test_p2_features.TestFileDownload" name="test_download_existing_file" time="0.110" /><testcase classname="tests.test_p2_features.TestFileDownload" name="test_download_nonexistent_file" time="0.036" /><testcase classname="tests.test_p2_features.TestFileDelete" name="test_delete_file" time="0.110" /><testcase classname="tests.test_p2_features.TestFileDelete" name="test_delete_file_with_customer" time="0.150" /><testcase classname="tests.test_p2_features.TestUserManagement" name="test_get_users_as_admin" time="0.036" /><testcase classname="tests.test_p2_features.TestUserManagement" name="test_get_users_without_auth" time="0.076" /><testcase classname="tests.test_p2_features.TestUserManagement" name="test_change_user_role" time="0.079"><skipped type="pytest.skip" message="No non-admin user found to test role change">/app/tests/test_p2_features.py:205: No non-admin user found to test role change</skipped></testcase><testcase classname="tests.test_p2_features.TestUserManagement" name="test_change_role_invalid_role" time="0.073" /><testcase classname="tests.test_p2_features.TestUserManagement" name="test_delete_user" time="0.423" /><testcase classname="tests.test_p2_features.TestUserManagement" name="test_cannot_delete_self" time="0.075" /><testcase classname="tests.test_p2_features.TestAuthEndpoints" name="test_get_current_user" time="0.037" /><testcase classname="tests.test_p2_features.TestAuthEndpoints" name="test_get_current_user_without_auth" time="0.037" /></testsuite></testsuites>