<?xml version="1.0" encoding="utf-8"?><testsuites name="pytest tests"><testsuite name="pytest" errors="0" failures="0" skipped="0" tests="22" time="11.006" timestamp="2026-05-22T17:58:31.958024+00:00" hostname="agent-env-518a4309-f7f3-49c6-b34c-fb0062021713"><testcase classname="backend.tests.test_backup_and_inline.TestCustomerPartialUpdate" name="test_partial_update_only_company_name" time="2.657" /><testcase classname="backend.tests.test_backup_and_inline.TestCustomerPartialUpdate" name="test_partial_update_status_only" time="0.760" /><testcase classname="backend.tests.test_backup_and_inline.TestBackupConfigAndOps" name="test_get_backup_config_admin" time="0.119" /><testcase classname="backend.tests.test_backup_and_inline.TestBackupConfigAndOps" name="test_get_backup_config_unauth" time="0.227" /><testcase classname="backend.tests.test_backup_and_inline.TestBackupConfigAndOps" name="test_put_backup_config_valid" time="0.274" /><testcase classname="backend.tests.test_backup_and_inline.TestBackupConfigAndOps" name="test_put_backup_config_invalid_frequency" time="0.122" /><testcase classname="backend.tests.test_backup_and_inline.TestBackupConfigAndOps" name="test_put_backup_config_invalid_hour" time="0.136" /><testcase classname="backend.tests.test_backup_and_inline.TestBackupConfigAndOps" name="test_put_backup_config_invalid_minute" time="0.113" /><testcase classname="backend.tests.test_backup_and_inline.TestBackupConfigAndOps" name="test_put_backup_config_invalid_dow" time="0.136" /><testcase classname="backend.tests.test_backup_and_inline.TestBackupConfigAndOps" name="test_trigger_backup" time="2.000" /><testcase classname="backend.tests.test_backup_and_inline.TestBackupConfigAndOps" name="test_list_backups_includes_recent" time="0.187" /><testcase classname="backend.tests.test_backup_and_inline.TestBackupConfigAndOps" name="test_download_backup" time="0.198" /><testcase classname="backend.tests.test_backup_and_inline.TestBackupConfigAndOps" name="test_path_traversal_download" time="0.236" /><testcase classname="backend.tests.test_backup_and_inline.TestBackupConfigAndOps" name="test_path_traversal_delete" time="0.136" /><testcase classname="backend.tests.test_backup_and_inline.TestBackupConfigAndOps" name="test_delete_backup_nonexistent" time="0.118" /><testcase classname="backend.tests.test_backup_and_inline.TestBackupConfigAndOps" name="test_delete_backup_success" time="2.156" /><testcase classname="backend.tests.test_backup_and_inline.TestBackupUnauth" name="test_no_auth_blocked[GET-/backups/config]" time="0.122" /><testcase classname="backend.tests.test_backup_and_inline.TestBackupUnauth" name="test_no_auth_blocked[PUT-/backups/config]" time="0.115" /><testcase classname="backend.tests.test_backup_and_inline.TestBackupUnauth" name="test_no_auth_blocked[GET-/backups/list]" time="0.118" /><testcase classname="backend.tests.test_backup_and_inline.TestBackupUnauth" name="test_no_auth_blocked[POST-/backups/trigger]" time="0.134" /><testcase classname="backend.tests.test_backup_and_inline.TestBackupUnauth" name="test_no_auth_blocked[GET-/backups/somefile.json/download]" time="0.123" /><testcase classname="backend.tests.test_backup_and_inline.TestBackupUnauth" name="test_no_auth_blocked[DELETE-/backups/somefile.json]" time="0.702" /></testsuite></testsuites>